f:\often\loglib\log4cplus\msvc12\win32\bin.release\log4cplus.c.pdb
f:\often\loglib\log4cplus\msvc12\win32\bin.release\log4cplus.dll
f:\often\loglib\log4cplus\msvc12\win32\bin.release\log4cplus.pdb
f:\often\loglib\log4cplus\msvc12\win32\bin.release\log4cplus.lib
f:\often\loglib\log4cplus\msvc12\win32\bin.release\log4cplus.exp
f:\often\loglib\log4cplus\msvc12\win32\obj.log4cplus.release\appender.obj
f:\often\loglib\log4cplus\msvc12\win32\obj.log4cplus.release\appenderattachableimpl.obj
f:\often\loglib\log4cplus\msvc12\win32\obj.log4cplus.release\asyncappender.obj
f:\often\loglib\log4cplus\msvc12\win32\obj.log4cplus.release\callbackappender.obj
f:\often\loglib\log4cplus\msvc12\win32\obj.log4cplus.release\clogger.obj
f:\often\loglib\log4cplus\msvc12\win32\obj.log4cplus.release\configurator.obj
f:\often\loglib\log4cplus\msvc12\win32\obj.log4cplus.release\connectorthread.obj
f:\often\loglib\log4cplus\msvc12\win32\obj.log4cplus.release\consoleappender.obj
f:\often\loglib\log4cplus\msvc12\win32\obj.log4cplus.release\env.obj
f:\often\loglib\log4cplus\msvc12\win32\obj.log4cplus.release\factory.obj
f:\often\loglib\log4cplus\msvc12\win32\obj.log4cplus.release\fileappender.obj
f:\often\loglib\log4cplus\msvc12\win32\obj.log4cplus.release\fileinfo.obj
f:\often\loglib\log4cplus\msvc12\win32\obj.log4cplus.release\filter.obj
f:\often\loglib\log4cplus\msvc12\win32\obj.log4cplus.release\global-init.obj
f:\often\loglib\log4cplus\msvc12\win32\obj.log4cplus.release\hierarchy.obj
f:\often\loglib\log4cplus\msvc12\win32\obj.log4cplus.release\hierarchylocker.obj
f:\often\loglib\log4cplus\msvc12\win32\obj.log4cplus.release\layout.obj
f:\often\loglib\log4cplus\msvc12\win32\obj.log4cplus.release\lockfile.obj
f:\often\loglib\log4cplus\msvc12\win32\obj.log4cplus.release\log4judpappender.obj
f:\often\loglib\log4cplus\msvc12\win32\obj.log4cplus.release\logger.obj
f:\often\loglib\log4cplus\msvc12\win32\obj.log4cplus.release\loggerimpl.obj
f:\often\loglib\log4cplus\msvc12\win32\obj.log4cplus.release\loggingevent.obj
f:\often\loglib\log4cplus\msvc12\win32\obj.log4cplus.release\loggingmacros.obj
f:\often\loglib\log4cplus\msvc12\win32\obj.log4cplus.release\loglevel.obj
f:\often\loglib\log4cplus\msvc12\win32\obj.log4cplus.release\loglog.obj
f:\often\loglib\log4cplus\msvc12\win32\obj.log4cplus.release\mdc.obj
f:\often\loglib\log4cplus\msvc12\win32\obj.log4cplus.release\ndc.obj
f:\often\loglib\log4cplus\msvc12\win32\obj.log4cplus.release\nteventlogappender.obj
f:\often\loglib\log4cplus\msvc12\win32\obj.log4cplus.release\nullappender.obj
f:\often\loglib\log4cplus\msvc12\win32\obj.log4cplus.release\objectregistry.obj
f:\often\loglib\log4cplus\msvc12\win32\obj.log4cplus.release\opr_log.obj
f:\often\loglib\log4cplus\msvc12\win32\obj.log4cplus.release\patternlayout.obj
f:\often\loglib\log4cplus\msvc12\win32\obj.log4cplus.release\pointer.obj
f:\often\loglib\log4cplus\msvc12\win32\obj.log4cplus.release\property.obj
f:\often\loglib\log4cplus\msvc12\win32\obj.log4cplus.release\queue.obj
f:\often\loglib\log4cplus\msvc12\win32\obj.log4cplus.release\rootlogger.obj
f:\often\loglib\log4cplus\msvc12\win32\obj.log4cplus.release\snprintf.obj
f:\often\loglib\log4cplus\msvc12\win32\obj.log4cplus.release\socket-win32.obj
f:\often\loglib\log4cplus\msvc12\win32\obj.log4cplus.release\socket.obj
f:\often\loglib\log4cplus\msvc12\win32\obj.log4cplus.release\socketappender.obj
f:\often\loglib\log4cplus\msvc12\win32\obj.log4cplus.release\socketbuffer.obj
f:\often\loglib\log4cplus\msvc12\win32\obj.log4cplus.release\stringhelper-clocale.obj
f:\often\loglib\log4cplus\msvc12\win32\obj.log4cplus.release\stringhelper-cxxlocale.obj
f:\often\loglib\log4cplus\msvc12\win32\obj.log4cplus.release\stringhelper-iconv.obj
f:\often\loglib\log4cplus\msvc12\win32\obj.log4cplus.release\stringhelper.obj
f:\often\loglib\log4cplus\msvc12\win32\obj.log4cplus.release\syncprims.obj
f:\often\loglib\log4cplus\msvc12\win32\obj.log4cplus.release\syslogappender.obj
f:\often\loglib\log4cplus\msvc12\win32\obj.log4cplus.release\threads.obj
f:\often\loglib\log4cplus\msvc12\win32\obj.log4cplus.release\timehelper.obj
f:\often\loglib\log4cplus\msvc12\win32\obj.log4cplus.release\tls.obj
f:\often\loglib\log4cplus\msvc12\win32\obj.log4cplus.release\version.obj
f:\often\loglib\log4cplus\msvc12\win32\obj.log4cplus.release\win32consoleappender.obj
f:\often\loglib\log4cplus\msvc12\win32\obj.log4cplus.release\win32debugappender.obj
f:\often\loglib\log4cplus\msvc12\win32\obj.log4cplus.release\log4cplus.tlog\cl.command.1.tlog
f:\often\loglib\log4cplus\msvc12\win32\obj.log4cplus.release\log4cplus.tlog\cl.read.1.tlog
f:\often\loglib\log4cplus\msvc12\win32\obj.log4cplus.release\log4cplus.tlog\cl.write.1.tlog
f:\often\loglib\log4cplus\msvc12\win32\obj.log4cplus.release\log4cplus.tlog\link.command.1.tlog
f:\often\loglib\log4cplus\msvc12\win32\obj.log4cplus.release\log4cplus.tlog\link.read.1.tlog
f:\often\loglib\log4cplus\msvc12\win32\obj.log4cplus.release\log4cplus.tlog\link.write.1.tlog
f:\often\loglib\log4cplus\msvc12\win32\obj.log4cplus.release\log4cplus.tlog\log4cplus.write.1u.tlog
