Build started 2018/8/24 18:13:16.
     1>Project "F:\often\loglib\oftenloglib\msvc12\log4cplus.vcxproj" on node 2 (Build target(s)).
     1>ClCompile:
         C:\Program Files (x86)\Microsoft Visual Studio 12.0\VC\bin\CL.exe /c /I..\include /I..\threadpool /I..\catch\single_include /Zi /nologo /W3 /WX- /MP /O2 /Ob2 /Oi /Ot /Oy /GL /D LOG4CPLUS_BUILD_DLL /D _LOGIB_EXPORTS_ /D NDEBUG /D _SECURE_SCL=0 /D _HAS_ITERATOR_DEBUGGING=0 /D WIN32 /D _WIN32_WINNT=0x0600 /D WINVER=0x0600 /D INSIDE_LOG4CPLUS /D LOG4CPLUS_WITH_UNIT_TESTS=1 /D CATCH_CONFIG_PREFIX_ALL=1 /D _SCL_SECURE_NO_DEPRECATE /D _CRT_SECURE_NO_DEPRECATE /D _CRT_SECURE_NO_WARNINGS /D _WINDLL /D _UNICODE /D UNICODE /GF /Gm- /EHsc /MD /GS- /Gy /fp:precise /Zc:wchar_t /Zc:forScope /Fo"F:\often\loglib\oftenloglib\msvc12\Win32\obj.log4cplus.Release\\" /Fd"F:\often\loglib\oftenloglib\msvc12\Win32\bin.Release\log4cplus.c.pdb" /Gd /TP /analyze- /errorReport:prompt /bigobj ..\often\opr_log.cpp
         opr_log.cpp
     1>..\often\opr_log.cpp(169): error C2679: binary '+=' : no operator found which takes a right-hand operand of type 'log_string' (or there is no acceptable conversion)
                 C:\Program Files (x86)\Microsoft Visual Studio 12.0\VC\include\xstring(1032): could be 'std::basic_string<char,std::char_traits<char>,std::allocator<char>> &std::basic_string<char,std::char_traits<char>,std::allocator<char>>::operator +=(_Elem)'
                 with
                 [
                     _Elem=char
                 ]
                 C:\Program Files (x86)\Microsoft Visual Studio 12.0\VC\include\xstring(1027): or       'std::basic_string<char,std::char_traits<char>,std::allocator<char>> &std::basic_string<char,std::char_traits<char>,std::allocator<char>>::operator +=(const _Elem *)'
                 with
                 [
                     _Elem=char
                 ]
                 C:\Program Files (x86)\Microsoft Visual Studio 12.0\VC\include\xstring(1022): or       'std::basic_string<char,std::char_traits<char>,std::allocator<char>> &std::basic_string<char,std::char_traits<char>,std::allocator<char>>::operator +=(const std::basic_string<char,std::char_traits<char>,std::allocator<char>> &)'
                 C:\Program Files (x86)\Microsoft Visual Studio 12.0\VC\include\xstring(962): or       'std::basic_string<char,std::char_traits<char>,std::allocator<char>> &std::basic_string<char,std::char_traits<char>,std::allocator<char>>::operator +=(std::initializer_list<_Elem>)'
                 with
                 [
                     _Elem=char
                 ]
                 while trying to match the argument list '(std::string, log_string)'
     1>..\often\opr_log.cpp(176): error C2065: 'LstrLog' : undeclared identifier
     1>..\often\opr_log.cpp(179): error C2065: 'LstrLog' : undeclared identifier
     1>..\often\opr_log.cpp(182): error C2065: 'LstrLog' : undeclared identifier
     1>..\often\opr_log.cpp(185): error C2065: 'LstrLog' : undeclared identifier
     1>..\often\opr_log.cpp(188): error C2065: 'LstrLog' : undeclared identifier
     1>..\often\opr_log.cpp(191): error C2065: 'LstrLog' : undeclared identifier
     1>..\often\opr_log.cpp(244): error C2664: 'int _vsnwprintf_s(wchar_t *,size_t,size_t,const wchar_t *,va_list)' : cannot convert argument 4 from 'const char *' to 'const wchar_t *'
                 Types pointed to are unrelated; conversion requires reinterpret_cast, C-style cast or function-style cast
     1>..\often\opr_log.cpp(245): error C2664: 'int _vsnwprintf_s(wchar_t *,size_t,size_t,const wchar_t *,va_list)' : cannot convert argument 4 from 'const char *' to 'const wchar_t *'
                 Types pointed to are unrelated; conversion requires reinterpret_cast, C-style cast or function-style cast
     1>Done Building Project "F:\often\loglib\oftenloglib\msvc12\log4cplus.vcxproj" (Build target(s)) -- FAILED.

Build FAILED.

Time Elapsed 00:00:00.65
